2019-07-15 10:25:10 ERROR [com.alibaba.druid.pool.DruidAbstractDataSource] oracle.jdbc.driver.OracleDriver is deprecated.
2019-07-15 10:25:12 ERROR [com.alibaba.druid.pool.DruidAbstractDataSource] oracle.jdbc.driver.OracleDriver is deprecated.
2019-07-15 10:25:13 ERROR [com.alibaba.druid.pool.DruidAbstractDataSource] oracle.jdbc.driver.OracleDriver is deprecated.
2019-07-15 10:25:14 ERROR [com.alibaba.druid.pool.DruidAbstractDataSource] oracle.jdbc.driver.OracleDriver is deprecated.
2019-07-15 14:43:06 ERROR [com.alibaba.druid.pool.DruidAbstractDataSource] oracle.jdbc.driver.OracleDriver is deprecated.
2019-07-15 14:43:07 ERROR [com.alibaba.druid.pool.DruidAbstractDataSource] oracle.jdbc.driver.OracleDriver is deprecated.
2019-07-15 14:43:08 ERROR [com.alibaba.druid.pool.DruidAbstractDataSource] oracle.jdbc.driver.OracleDriver is deprecated.
2019-07-15 14:43:09 ERROR [com.alibaba.druid.pool.DruidAbstractDataSource] oracle.jdbc.driver.OracleDriver is deprecated.
2019-07-15 14:47:09 ERROR [com.alibaba.druid.pool.DruidDataSource] discard connection
java.sql.SQLException: ORA-12155: TNS: 在 NSWMARKER 包中收到错误的数据类型

	at oracle.jdbc.driver.DatabaseError.throwSqlException(DatabaseError.java:112)
	at oracle.jdbc.driver.T4CTTIoer.processError(T4CTTIoer.java:331)
	at oracle.jdbc.driver.T4CTTIoer.processError(T4CTTIoer.java:288)
	at oracle.jdbc.driver.T4C8Oall.receive(T4C8Oall.java:743)
	at oracle.jdbc.driver.T4CPreparedStatement.doOall8(T4CPreparedStatement.java:213)
	at oracle.jdbc.driver.T4CPreparedStatement.executeForRows(T4CPreparedStatement.java:952)
	at oracle.jdbc.driver.OracleStatement.executeMaybeDescribe(OracleStatement.java:1054)
	at oracle.jdbc.driver.T4CPreparedStatement.executeMaybeDescribe(T4CPreparedStatement.java:836)
	at oracle.jdbc.driver.OracleStatement.doExecuteWithTimeout(OracleStatement.java:1116)
	at oracle.jdbc.driver.OraclePreparedStatement.executeInternal(OraclePreparedStatement.java:3285)
	at oracle.jdbc.driver.OraclePreparedStatement.execute(OraclePreparedStatement.java:3390)
	at com.alibaba.druid.filter.FilterChainImpl.preparedStatement_execute(FilterChainImpl.java:3051)
	at com.alibaba.druid.filter.FilterEventAdapter.preparedStatement_execute(FilterEventAdapter.java:440)
	at com.alibaba.druid.filter.FilterChainImpl.preparedStatement_execute(FilterChainImpl.java:3049)
	at com.alibaba.druid.proxy.jdbc.PreparedStatementProxyImpl.execute(PreparedStatementProxyImpl.java:167)
	at com.alibaba.druid.pool.DruidPooledPreparedStatement.execute(DruidPooledPreparedStatement.java:498)
	at sun.reflect.GeneratedMethodAccessor55.invoke(Unknown Source)
	at sun.reflect.DelegatingMethodAccessorImpl.invoke(DelegatingMethodAccessorImpl.java:43)
	at java.lang.reflect.Method.invoke(Method.java:606)
	at org.apache.ibatis.logging.jdbc.PreparedStatementLogger.invoke(PreparedStatementLogger.java:55)
	at com.sun.proxy.$Proxy224.execute(Unknown Source)
	at org.apache.ibatis.executor.statement.PreparedStatementHandler.query(PreparedStatementHandler.java:56)
	at org.apache.ibatis.executor.statement.RoutingStatementHandler.query(RoutingStatementHandler.java:70)
	at org.apache.ibatis.executor.SimpleExecutor.doQuery(SimpleExecutor.java:57)
	at org.apache.ibatis.executor.BaseExecutor.queryFromDatabase(BaseExecutor.java:259)
	at org.apache.ibatis.executor.BaseExecutor.query(BaseExecutor.java:132)
	at org.apache.ibatis.executor.CachingExecutor.query(CachingExecutor.java:105)
	at org.apache.ibatis.executor.CachingExecutor.query(CachingExecutor.java:81)
	at org.apache.ibatis.session.defaults.DefaultSqlSession.selectList(DefaultSqlSession.java:104)
	at org.apache.ibatis.session.defaults.DefaultSqlSession.selectList(DefaultSqlSession.java:98)
	at org.apache.ibatis.session.defaults.DefaultSqlSession.selectOne(DefaultSqlSession.java:62)
	at sun.reflect.GeneratedMethodAccessor63.invoke(Unknown Source)
	at sun.reflect.DelegatingMethodAccessorImpl.invoke(DelegatingMethodAccessorImpl.java:43)
	at java.lang.reflect.Method.invoke(Method.java:606)
	at org.mybatis.spring.SqlSessionTemplate$SqlSessionInterceptor.invoke(SqlSessionTemplate.java:358)
	at com.sun.proxy.$Proxy17.selectOne(Unknown Source)
	at org.mybatis.spring.SqlSessionTemplate.selectOne(SqlSessionTemplate.java:163)
	at org.apache.ibatis.binding.MapperMethod.execute(MapperMethod.java:63)
	at org.apache.ibatis.binding.MapperProxy.invoke(MapperProxy.java:43)
	at com.sun.proxy.$Proxy160.queryActivityProductAuditRemindCount(Unknown Source)
	at com.tk.oms.notice.service.MessageCenterService.queryMessageRemindForCount(MessageCenterService.java:142)
	at com.tk.oms.notice.service.MessageCenterService$$FastClassBySpringCGLIB$$284d2be5.invoke(<generated>)
	at org.springframework.cglib.proxy.MethodProxy.invoke(MethodProxy.java:204)
	at org.springframework.aop.framework.CglibAopProxy$DynamicAdvisedInterceptor.intercept(CglibAopProxy.java:651)
	at com.tk.oms.notice.service.MessageCenterService$$EnhancerBySpringCGLIB$$13109fa5.queryMessageRemindForCount(<generated>)
	at com.tk.oms.notice.control.MessageCenterControl.queryMessageRemindForCount(MessageCenterControl.java:50)
	at sun.reflect.GeneratedMethodAccessor72.invoke(Unknown Source)
	at sun.reflect.DelegatingMethodAccessorImpl.invoke(DelegatingMethodAccessorImpl.java:43)
	at java.lang.reflect.Method.invoke(Method.java:606)
	at org.springframework.web.method.support.InvocableHandlerMethod.doInvoke(InvocableHandlerMethod.java:222)
	at org.springframework.web.method.support.InvocableHandlerMethod.invokeForRequest(InvocableHandlerMethod.java:137)
	at org.springframework.web.servlet.mvc.method.annotation.ServletInvocableHandlerMethod.invokeAndHandle(ServletInvocableHandlerMethod.java:110)
	at org.springframework.web.servlet.mvc.method.annotation.RequestMappingHandlerAdapter.invokeHandlerMethod(RequestMappingHandlerAdapter.java:814)
	at org.springframework.web.servlet.mvc.method.annotation.RequestMappingHandlerAdapter.handleInternal(RequestMappingHandlerAdapter.java:737)
	at org.springframework.web.servlet.mvc.method.AbstractHandlerMethodAdapter.handle(AbstractHandlerMethodAdapter.java:85)
	at org.springframework.web.servlet.DispatcherServlet.doDispatch(DispatcherServlet.java:959)
	at org.springframework.web.servlet.DispatcherServlet.doService(DispatcherServlet.java:893)
	at org.springframework.web.servlet.FrameworkServlet.processRequest(FrameworkServlet.java:969)
	at org.springframework.web.servlet.FrameworkServlet.doPost(FrameworkServlet.java:871)
	at javax.servlet.http.HttpServlet.service(HttpServlet.java:646)
	at org.springframework.web.servlet.FrameworkServlet.service(FrameworkServlet.java:845)
	at javax.servlet.http.HttpServlet.service(HttpServlet.java:727)
	at org.apache.catalina.core.ApplicationFilterChain.internalDoFilter(ApplicationFilterChain.java:303)
	at org.apache.catalina.core.ApplicationFilterChain.doFilter(ApplicationFilterChain.java:208)
	at org.apache.tomcat.websocket.server.WsFilter.doFilter(WsFilter.java:52)
	at org.apache.catalina.core.ApplicationFilterChain.internalDoFilter(ApplicationFilterChain.java:241)
	at org.apache.catalina.core.ApplicationFilterChain.doFilter(ApplicationFilterChain.java:208)
	at com.tk.sys.filter.CharsetFilter.doFilter(CharsetFilter.java:41)
	at org.apache.catalina.core.ApplicationFilterChain.internalDoFilter(ApplicationFilterChain.java:241)
	at org.apache.catalina.core.ApplicationFilterChain.doFilter(ApplicationFilterChain.java:208)
	at org.apache.catalina.core.StandardWrapperValve.invoke(StandardWrapperValve.java:220)
	at org.apache.catalina.core.StandardContextValve.invoke(StandardContextValve.java:122)
	at org.apache.catalina.authenticator.AuthenticatorBase.invoke(AuthenticatorBase.java:504)
	at org.apache.catalina.core.StandardHostValve.invoke(StandardHostValve.java:170)
	at org.apache.catalina.valves.ErrorReportValve.invoke(ErrorReportValve.java:103)
	at org.apache.catalina.valves.AccessLogValve.invoke(AccessLogValve.java:950)
	at org.apache.catalina.core.StandardEngineValve.invoke(StandardEngineValve.java:116)
	at org.apache.catalina.connector.CoyoteAdapter.service(CoyoteAdapter.java:421)
	at org.apache.coyote.http11.AbstractHttp11Processor.process(AbstractHttp11Processor.java:1074)
	at org.apache.coyote.AbstractProtocol$AbstractConnectionHandler.process(AbstractProtocol.java:611)
	at org.apache.tomcat.util.net.AprEndpoint$SocketProcessor.doRun(AprEndpoint.java:2466)
	at org.apache.tomcat.util.net.AprEndpoint$SocketProcessor.run(AprEndpoint.java:2455)
	at java.util.concurrent.ThreadPoolExecutor.runWorker(ThreadPoolExecutor.java:1145)
	at java.util.concurrent.ThreadPoolExecutor$Worker.run(ThreadPoolExecutor.java:615)
	at org.apache.tomcat.util.threads.TaskThread$WrappingRunnable.run(TaskThread.java:61)
	at java.lang.Thread.run(Thread.java:745)
2019-07-15 15:01:35 ERROR [com.alibaba.druid.pool.DruidAbstractDataSource] oracle.jdbc.driver.OracleDriver is deprecated.
2019-07-15 15:01:37 ERROR [com.alibaba.druid.pool.DruidAbstractDataSource] oracle.jdbc.driver.OracleDriver is deprecated.
2019-07-15 15:01:38 ERROR [com.alibaba.druid.pool.DruidAbstractDataSource] oracle.jdbc.driver.OracleDriver is deprecated.
2019-07-15 15:01:40 ERROR [com.alibaba.druid.pool.DruidAbstractDataSource] oracle.jdbc.driver.OracleDriver is deprecated.
2019-07-15 15:06:11 ERROR [com.alibaba.druid.pool.DruidAbstractDataSource] oracle.jdbc.driver.OracleDriver is deprecated.
2019-07-15 15:06:13 ERROR [com.alibaba.druid.pool.DruidAbstractDataSource] oracle.jdbc.driver.OracleDriver is deprecated.
2019-07-15 15:06:14 ERROR [com.alibaba.druid.pool.DruidAbstractDataSource] oracle.jdbc.driver.OracleDriver is deprecated.
2019-07-15 15:06:15 ERROR [com.alibaba.druid.pool.DruidAbstractDataSource] oracle.jdbc.driver.OracleDriver is deprecated.
2019-07-15 15:09:25 ERROR [com.alibaba.druid.pool.DruidAbstractDataSource] oracle.jdbc.driver.OracleDriver is deprecated.
2019-07-15 15:09:27 ERROR [com.alibaba.druid.pool.DruidAbstractDataSource] oracle.jdbc.driver.OracleDriver is deprecated.
2019-07-15 15:09:27 ERROR [com.alibaba.druid.pool.DruidAbstractDataSource] oracle.jdbc.driver.OracleDriver is deprecated.
2019-07-15 15:09:29 ERROR [com.alibaba.druid.pool.DruidAbstractDataSource] oracle.jdbc.driver.OracleDriver is deprecated.
2019-07-15 15:18:59 ERROR [com.alibaba.druid.pool.DruidAbstractDataSource] oracle.jdbc.driver.OracleDriver is deprecated.
2019-07-15 15:19:00 ERROR [com.alibaba.druid.pool.DruidAbstractDataSource] oracle.jdbc.driver.OracleDriver is deprecated.
2019-07-15 15:19:01 ERROR [com.alibaba.druid.pool.DruidAbstractDataSource] oracle.jdbc.driver.OracleDriver is deprecated.
2019-07-15 15:19:02 ERROR [com.alibaba.druid.pool.DruidAbstractDataSource] oracle.jdbc.driver.OracleDriver is deprecated.
2019-07-15 16:02:10 ERROR [com.alibaba.druid.pool.DruidAbstractDataSource] oracle.jdbc.driver.OracleDriver is deprecated.
2019-07-15 16:02:12 ERROR [com.alibaba.druid.pool.DruidAbstractDataSource] oracle.jdbc.driver.OracleDriver is deprecated.
2019-07-15 16:02:13 ERROR [com.alibaba.druid.pool.DruidAbstractDataSource] oracle.jdbc.driver.OracleDriver is deprecated.
2019-07-15 16:02:14 ERROR [com.alibaba.druid.pool.DruidAbstractDataSource] oracle.jdbc.driver.OracleDriver is deprecated.
2019-07-15 16:04:30 ERROR [com.alibaba.druid.pool.DruidAbstractDataSource] oracle.jdbc.driver.OracleDriver is deprecated.
2019-07-15 16:04:33 ERROR [com.alibaba.druid.pool.DruidAbstractDataSource] oracle.jdbc.driver.OracleDriver is deprecated.
2019-07-15 16:04:34 ERROR [com.alibaba.druid.pool.DruidAbstractDataSource] oracle.jdbc.driver.OracleDriver is deprecated.
2019-07-15 16:04:35 ERROR [com.alibaba.druid.pool.DruidAbstractDataSource] oracle.jdbc.driver.OracleDriver is deprecated.
2019-07-15 16:21:38 ERROR [com.alibaba.druid.pool.DruidAbstractDataSource] oracle.jdbc.driver.OracleDriver is deprecated.
2019-07-15 16:21:39 ERROR [com.alibaba.druid.pool.DruidAbstractDataSource] oracle.jdbc.driver.OracleDriver is deprecated.
2019-07-15 16:21:40 ERROR [com.alibaba.druid.pool.DruidAbstractDataSource] oracle.jdbc.driver.OracleDriver is deprecated.
2019-07-15 16:21:42 ERROR [com.alibaba.druid.pool.DruidAbstractDataSource] oracle.jdbc.driver.OracleDriver is deprecated.
2019-07-15 16:27:20 ERROR [com.alibaba.druid.pool.DruidAbstractDataSource] oracle.jdbc.driver.OracleDriver is deprecated.
2019-07-15 16:27:21 ERROR [com.alibaba.druid.pool.DruidAbstractDataSource] oracle.jdbc.driver.OracleDriver is deprecated.
2019-07-15 16:27:23 ERROR [com.alibaba.druid.pool.DruidAbstractDataSource] oracle.jdbc.driver.OracleDriver is deprecated.
2019-07-15 16:27:24 ERROR [com.alibaba.druid.pool.DruidAbstractDataSource] oracle.jdbc.driver.OracleDriver is deprecated.
2019-07-15 16:28:55 ERROR [com.alibaba.druid.pool.DruidAbstractDataSource] oracle.jdbc.driver.OracleDriver is deprecated.
2019-07-15 16:28:57 ERROR [com.alibaba.druid.pool.DruidAbstractDataSource] oracle.jdbc.driver.OracleDriver is deprecated.
2019-07-15 16:28:58 ERROR [com.alibaba.druid.pool.DruidAbstractDataSource] oracle.jdbc.driver.OracleDriver is deprecated.
2019-07-15 16:28:59 ERROR [com.alibaba.druid.pool.DruidAbstractDataSource] oracle.jdbc.driver.OracleDriver is deprecated.
2019-07-15 16:29:50 ERROR [com.alibaba.druid.pool.DruidAbstractDataSource] oracle.jdbc.driver.OracleDriver is deprecated.
2019-07-15 16:29:52 ERROR [com.alibaba.druid.pool.DruidAbstractDataSource] oracle.jdbc.driver.OracleDriver is deprecated.
2019-07-15 16:29:53 ERROR [com.alibaba.druid.pool.DruidAbstractDataSource] oracle.jdbc.driver.OracleDriver is deprecated.
2019-07-15 16:29:54 ERROR [com.alibaba.druid.pool.DruidAbstractDataSource] oracle.jdbc.driver.OracleDriver is deprecated.
2019-07-15 16:31:55 ERROR [com.alibaba.druid.pool.DruidAbstractDataSource] oracle.jdbc.driver.OracleDriver is deprecated.
2019-07-15 16:31:57 ERROR [com.alibaba.druid.pool.DruidAbstractDataSource] oracle.jdbc.driver.OracleDriver is deprecated.
2019-07-15 16:31:58 ERROR [com.alibaba.druid.pool.DruidAbstractDataSource] oracle.jdbc.driver.OracleDriver is deprecated.
2019-07-15 16:31:59 ERROR [com.alibaba.druid.pool.DruidAbstractDataSource] oracle.jdbc.driver.OracleDriver is deprecated.
2019-07-15 16:32:50 ERROR [com.alibaba.druid.pool.DruidAbstractDataSource] oracle.jdbc.driver.OracleDriver is deprecated.
2019-07-15 16:32:52 ERROR [com.alibaba.druid.pool.DruidAbstractDataSource] oracle.jdbc.driver.OracleDriver is deprecated.
2019-07-15 16:32:53 ERROR [com.alibaba.druid.pool.DruidAbstractDataSource] oracle.jdbc.driver.OracleDriver is deprecated.
2019-07-15 16:32:54 ERROR [com.alibaba.druid.pool.DruidAbstractDataSource] oracle.jdbc.driver.OracleDriver is deprecated.
2019-07-15 16:36:30 ERROR [com.alibaba.druid.pool.DruidAbstractDataSource] oracle.jdbc.driver.OracleDriver is deprecated.
2019-07-15 16:36:32 ERROR [com.alibaba.druid.pool.DruidAbstractDataSource] oracle.jdbc.driver.OracleDriver is deprecated.
2019-07-15 16:36:33 ERROR [com.alibaba.druid.pool.DruidAbstractDataSource] oracle.jdbc.driver.OracleDriver is deprecated.
2019-07-15 16:36:34 ERROR [com.alibaba.druid.pool.DruidAbstractDataSource] oracle.jdbc.driver.OracleDriver is deprecated.
2019-07-15 16:54:39 ERROR [com.alibaba.druid.pool.DruidAbstractDataSource] oracle.jdbc.driver.OracleDriver is deprecated.
2019-07-15 16:54:41 ERROR [com.alibaba.druid.pool.DruidAbstractDataSource] oracle.jdbc.driver.OracleDriver is deprecated.
2019-07-15 16:54:42 ERROR [com.alibaba.druid.pool.DruidAbstractDataSource] oracle.jdbc.driver.OracleDriver is deprecated.
2019-07-15 16:54:43 ERROR [com.alibaba.druid.pool.DruidAbstractDataSource] oracle.jdbc.driver.OracleDriver is deprecated.
2019-07-15 17:04:03 ERROR [com.alibaba.druid.pool.DruidAbstractDataSource] oracle.jdbc.driver.OracleDriver is deprecated.
2019-07-15 17:04:05 ERROR [com.alibaba.druid.pool.DruidAbstractDataSource] oracle.jdbc.driver.OracleDriver is deprecated.
2019-07-15 17:04:05 ERROR [com.alibaba.druid.pool.DruidAbstractDataSource] oracle.jdbc.driver.OracleDriver is deprecated.
2019-07-15 17:04:06 ERROR [com.alibaba.druid.pool.DruidAbstractDataSource] oracle.jdbc.driver.OracleDriver is deprecated.
2019-07-15 17:05:38 ERROR [com.alibaba.druid.pool.DruidAbstractDataSource] oracle.jdbc.driver.OracleDriver is deprecated.
2019-07-15 17:05:40 ERROR [com.alibaba.druid.pool.DruidAbstractDataSource] oracle.jdbc.driver.OracleDriver is deprecated.
2019-07-15 17:05:41 ERROR [com.alibaba.druid.pool.DruidAbstractDataSource] oracle.jdbc.driver.OracleDriver is deprecated.
2019-07-15 17:05:43 ERROR [com.alibaba.druid.pool.DruidAbstractDataSource] oracle.jdbc.driver.OracleDriver is deprecated.
2019-07-15 17:06:31 ERROR [com.alibaba.druid.pool.DruidAbstractDataSource] oracle.jdbc.driver.OracleDriver is deprecated.
2019-07-15 17:06:32 ERROR [com.alibaba.druid.pool.DruidAbstractDataSource] oracle.jdbc.driver.OracleDriver is deprecated.
2019-07-15 17:06:33 ERROR [com.alibaba.druid.pool.DruidAbstractDataSource] oracle.jdbc.driver.OracleDriver is deprecated.
2019-07-15 17:06:35 ERROR [com.alibaba.druid.pool.DruidAbstractDataSource] oracle.jdbc.driver.OracleDriver is deprecated.
2019-07-15 17:08:29 ERROR [com.alibaba.druid.pool.DruidAbstractDataSource] oracle.jdbc.driver.OracleDriver is deprecated.
2019-07-15 17:08:31 ERROR [com.alibaba.druid.pool.DruidAbstractDataSource] oracle.jdbc.driver.OracleDriver is deprecated.
2019-07-15 17:08:32 ERROR [com.alibaba.druid.pool.DruidAbstractDataSource] oracle.jdbc.driver.OracleDriver is deprecated.
2019-07-15 17:08:33 ERROR [com.alibaba.druid.pool.DruidAbstractDataSource] oracle.jdbc.driver.OracleDriver is deprecated.
2019-07-15 17:13:34 ERROR [com.alibaba.druid.pool.DruidAbstractDataSource] oracle.jdbc.driver.OracleDriver is deprecated.
2019-07-15 17:13:36 ERROR [com.alibaba.druid.pool.DruidAbstractDataSource] oracle.jdbc.driver.OracleDriver is deprecated.
2019-07-15 17:13:37 ERROR [com.alibaba.druid.pool.DruidAbstractDataSource] oracle.jdbc.driver.OracleDriver is deprecated.
2019-07-15 17:13:38 ERROR [com.alibaba.druid.pool.DruidAbstractDataSource] oracle.jdbc.driver.OracleDriver is deprecated.
2019-07-15 17:15:53 ERROR [com.alibaba.druid.pool.DruidAbstractDataSource] oracle.jdbc.driver.OracleDriver is deprecated.
2019-07-15 17:15:55 ERROR [com.alibaba.druid.pool.DruidAbstractDataSource] oracle.jdbc.driver.OracleDriver is deprecated.
2019-07-15 17:15:57 ERROR [com.alibaba.druid.pool.DruidAbstractDataSource] oracle.jdbc.driver.OracleDriver is deprecated.
2019-07-15 17:15:58 ERROR [com.alibaba.druid.pool.DruidAbstractDataSource] oracle.jdbc.driver.OracleDriver is deprecated.
2019-07-15 17:19:02 ERROR [com.alibaba.druid.pool.DruidAbstractDataSource] oracle.jdbc.driver.OracleDriver is deprecated.
2019-07-15 17:19:04 ERROR [com.alibaba.druid.pool.DruidAbstractDataSource] oracle.jdbc.driver.OracleDriver is deprecated.
2019-07-15 17:19:05 ERROR [com.alibaba.druid.pool.DruidAbstractDataSource] oracle.jdbc.driver.OracleDriver is deprecated.
2019-07-15 17:19:06 ERROR [com.alibaba.druid.pool.DruidAbstractDataSource] oracle.jdbc.driver.OracleDriver is deprecated.
2019-07-15 17:21:26 ERROR [com.alibaba.druid.pool.DruidAbstractDataSource] oracle.jdbc.driver.OracleDriver is deprecated.
2019-07-15 17:21:27 ERROR [com.alibaba.druid.pool.DruidAbstractDataSource] oracle.jdbc.driver.OracleDriver is deprecated.
2019-07-15 17:21:28 ERROR [com.alibaba.druid.pool.DruidAbstractDataSource] oracle.jdbc.driver.OracleDriver is deprecated.
2019-07-15 17:21:29 ERROR [com.alibaba.druid.pool.DruidAbstractDataSource] oracle.jdbc.driver.OracleDriver is deprecated.
2019-07-15 17:22:27 ERROR [com.alibaba.druid.pool.DruidAbstractDataSource] oracle.jdbc.driver.OracleDriver is deprecated.
2019-07-15 17:22:29 ERROR [com.alibaba.druid.pool.DruidAbstractDataSource] oracle.jdbc.driver.OracleDriver is deprecated.
2019-07-15 17:22:30 ERROR [com.alibaba.druid.pool.DruidAbstractDataSource] oracle.jdbc.driver.OracleDriver is deprecated.
2019-07-15 17:22:31 ERROR [com.alibaba.druid.pool.DruidAbstractDataSource] oracle.jdbc.driver.OracleDriver is deprecated.
2019-07-15 17:24:13 ERROR [com.alibaba.druid.pool.DruidAbstractDataSource] oracle.jdbc.driver.OracleDriver is deprecated.
2019-07-15 17:24:15 ERROR [com.alibaba.druid.pool.DruidAbstractDataSource] oracle.jdbc.driver.OracleDriver is deprecated.
2019-07-15 17:24:16 ERROR [com.alibaba.druid.pool.DruidAbstractDataSource] oracle.jdbc.driver.OracleDriver is deprecated.
2019-07-15 17:24:17 ERROR [com.alibaba.druid.pool.DruidAbstractDataSource] oracle.jdbc.driver.OracleDriver is deprecated.
2019-07-15 17:25:56 ERROR [com.alibaba.druid.pool.DruidAbstractDataSource] oracle.jdbc.driver.OracleDriver is deprecated.
2019-07-15 17:25:57 ERROR [com.alibaba.druid.pool.DruidAbstractDataSource] oracle.jdbc.driver.OracleDriver is deprecated.
2019-07-15 17:25:58 ERROR [com.alibaba.druid.pool.DruidAbstractDataSource] oracle.jdbc.driver.OracleDriver is deprecated.
2019-07-15 17:25:59 ERROR [com.alibaba.druid.pool.DruidAbstractDataSource] oracle.jdbc.driver.OracleDriver is deprecated.
2019-07-15 17:26:48 ERROR [com.alibaba.druid.pool.DruidAbstractDataSource] oracle.jdbc.driver.OracleDriver is deprecated.
2019-07-15 17:26:50 ERROR [com.alibaba.druid.pool.DruidAbstractDataSource] oracle.jdbc.driver.OracleDriver is deprecated.
2019-07-15 17:26:51 ERROR [com.alibaba.druid.pool.DruidAbstractDataSource] oracle.jdbc.driver.OracleDriver is deprecated.
2019-07-15 17:27:07 ERROR [com.alibaba.druid.pool.DruidAbstractDataSource] oracle.jdbc.driver.OracleDriver is deprecated.
2019-07-15 17:27:08 ERROR [com.alibaba.druid.pool.DruidAbstractDataSource] oracle.jdbc.driver.OracleDriver is deprecated.
2019-07-15 17:27:09 ERROR [com.alibaba.druid.pool.DruidAbstractDataSource] oracle.jdbc.driver.OracleDriver is deprecated.
2019-07-15 17:27:11 ERROR [com.alibaba.druid.pool.DruidAbstractDataSource] oracle.jdbc.driver.OracleDriver is deprecated.
2019-07-15 17:29:03 ERROR [com.alibaba.druid.pool.DruidAbstractDataSource] oracle.jdbc.driver.OracleDriver is deprecated.
2019-07-15 17:29:05 ERROR [com.alibaba.druid.pool.DruidAbstractDataSource] oracle.jdbc.driver.OracleDriver is deprecated.
2019-07-15 17:29:06 ERROR [com.alibaba.druid.pool.DruidAbstractDataSource] oracle.jdbc.driver.OracleDriver is deprecated.
2019-07-15 17:29:06 ERROR [com.alibaba.druid.pool.DruidAbstractDataSource] oracle.jdbc.driver.OracleDriver is deprecated.
2019-07-15 17:32:16 ERROR [com.alibaba.druid.pool.DruidAbstractDataSource] oracle.jdbc.driver.OracleDriver is deprecated.
2019-07-15 17:32:17 ERROR [com.alibaba.druid.pool.DruidAbstractDataSource] oracle.jdbc.driver.OracleDriver is deprecated.
2019-07-15 17:32:18 ERROR [com.alibaba.druid.pool.DruidAbstractDataSource] oracle.jdbc.driver.OracleDriver is deprecated.
2019-07-15 17:32:20 ERROR [com.alibaba.druid.pool.DruidAbstractDataSource] oracle.jdbc.driver.OracleDriver is deprecated.
2019-07-15 17:34:46 ERROR [com.alibaba.druid.pool.DruidAbstractDataSource] oracle.jdbc.driver.OracleDriver is deprecated.
2019-07-15 17:34:48 ERROR [com.alibaba.druid.pool.DruidAbstractDataSource] oracle.jdbc.driver.OracleDriver is deprecated.
2019-07-15 17:34:49 ERROR [com.alibaba.druid.pool.DruidAbstractDataSource] oracle.jdbc.driver.OracleDriver is deprecated.
2019-07-15 17:34:50 ERROR [com.alibaba.druid.pool.DruidAbstractDataSource] oracle.jdbc.driver.OracleDriver is deprecated.
