2019-08-09 09:11:59 ERROR [com.alibaba.druid.pool.DruidAbstractDataSource] oracle.jdbc.driver.OracleDriver is deprecated.
2019-08-09 09:12:01 ERROR [com.alibaba.druid.pool.DruidAbstractDataSource] oracle.jdbc.driver.OracleDriver is deprecated.
2019-08-09 09:12:02 ERROR [com.alibaba.druid.pool.DruidAbstractDataSource] oracle.jdbc.driver.OracleDriver is deprecated.
2019-08-09 09:12:04 ERROR [com.alibaba.druid.pool.DruidAbstractDataSource] oracle.jdbc.driver.OracleDriver is deprecated.
2019-08-09 09:39:28 ERROR [com.alibaba.druid.pool.DruidAbstractDataSource] oracle.jdbc.driver.OracleDriver is deprecated.
2019-08-09 09:39:30 ERROR [com.alibaba.druid.pool.DruidAbstractDataSource] oracle.jdbc.driver.OracleDriver is deprecated.
2019-08-09 09:39:31 ERROR [com.alibaba.druid.pool.DruidAbstractDataSource] oracle.jdbc.driver.OracleDriver is deprecated.
2019-08-09 09:39:32 ERROR [com.alibaba.druid.pool.DruidAbstractDataSource] oracle.jdbc.driver.OracleDriver is deprecated.
2019-08-09 09:41:03 ERROR [com.alibaba.druid.pool.DruidAbstractDataSource] oracle.jdbc.driver.OracleDriver is deprecated.
2019-08-09 09:41:05 ERROR [com.alibaba.druid.pool.DruidAbstractDataSource] oracle.jdbc.driver.OracleDriver is deprecated.
2019-08-09 09:41:06 ERROR [com.alibaba.druid.pool.DruidAbstractDataSource] oracle.jdbc.driver.OracleDriver is deprecated.
2019-08-09 09:41:07 ERROR [com.alibaba.druid.pool.DruidAbstractDataSource] oracle.jdbc.driver.OracleDriver is deprecated.
2019-08-09 09:48:27 ERROR [com.alibaba.druid.pool.DruidAbstractDataSource] oracle.jdbc.driver.OracleDriver is deprecated.
2019-08-09 09:48:29 ERROR [com.alibaba.druid.pool.DruidAbstractDataSource] oracle.jdbc.driver.OracleDriver is deprecated.
2019-08-09 09:48:30 ERROR [com.alibaba.druid.pool.DruidAbstractDataSource] oracle.jdbc.driver.OracleDriver is deprecated.
2019-08-09 09:48:31 ERROR [com.alibaba.druid.pool.DruidAbstractDataSource] oracle.jdbc.driver.OracleDriver is deprecated.
2019-08-09 10:20:22 ERROR [com.alibaba.druid.pool.DruidAbstractDataSource] oracle.jdbc.driver.OracleDriver is deprecated.
2019-08-09 10:20:23 ERROR [com.alibaba.druid.pool.DruidAbstractDataSource] oracle.jdbc.driver.OracleDriver is deprecated.
2019-08-09 10:20:25 ERROR [com.alibaba.druid.pool.DruidAbstractDataSource] oracle.jdbc.driver.OracleDriver is deprecated.
2019-08-09 10:20:26 ERROR [com.alibaba.druid.pool.DruidAbstractDataSource] oracle.jdbc.driver.OracleDriver is deprecated.
2019-08-09 10:47:20 ERROR [com.alibaba.druid.pool.DruidAbstractDataSource] oracle.jdbc.driver.OracleDriver is deprecated.
2019-08-09 10:47:22 ERROR [com.alibaba.druid.pool.DruidAbstractDataSource] oracle.jdbc.driver.OracleDriver is deprecated.
2019-08-09 10:47:23 ERROR [com.alibaba.druid.pool.DruidAbstractDataSource] oracle.jdbc.driver.OracleDriver is deprecated.
2019-08-09 10:47:24 ERROR [com.alibaba.druid.pool.DruidAbstractDataSource] oracle.jdbc.driver.OracleDriver is deprecated.
2019-08-09 10:57:57 ERROR [com.alibaba.druid.pool.DruidDataSource] discard connection
java.sql.SQLException: ORA-12155: TNS: 在 NSWMARKER 包中收到错误的数据类型

	at oracle.jdbc.driver.DatabaseError.throwSqlException(DatabaseError.java:112)
	at oracle.jdbc.driver.T4CTTIoer.processError(T4CTTIoer.java:331)
	at oracle.jdbc.driver.T4CTTIoer.processError(T4CTTIoer.java:288)
	at oracle.jdbc.driver.T4C8Oall.receive(T4C8Oall.java:743)
	at oracle.jdbc.driver.T4CPreparedStatement.doOall8(T4CPreparedStatement.java:213)
	at oracle.jdbc.driver.T4CPreparedStatement.executeForRows(T4CPreparedStatement.java:952)
	at oracle.jdbc.driver.OracleStatement.executeMaybeDescribe(OracleStatement.java:1054)
	at oracle.jdbc.driver.T4CPreparedStatement.executeMaybeDescribe(T4CPreparedStatement.java:836)
	at oracle.jdbc.driver.OracleStatement.doExecuteWithTimeout(OracleStatement.java:1116)
	at oracle.jdbc.driver.OraclePreparedStatement.executeInternal(OraclePreparedStatement.java:3285)
	at oracle.jdbc.driver.OraclePreparedStatement.execute(OraclePreparedStatement.java:3390)
	at com.alibaba.druid.filter.FilterChainImpl.preparedStatement_execute(FilterChainImpl.java:3051)
	at com.alibaba.druid.filter.FilterEventAdapter.preparedStatement_execute(FilterEventAdapter.java:440)
	at com.alibaba.druid.filter.FilterChainImpl.preparedStatement_execute(FilterChainImpl.java:3049)
	at com.alibaba.druid.proxy.jdbc.PreparedStatementProxyImpl.execute(PreparedStatementProxyImpl.java:167)
	at com.alibaba.druid.pool.DruidPooledPreparedStatement.execute(DruidPooledPreparedStatement.java:498)
	at sun.reflect.GeneratedMethodAccessor54.invoke(Unknown Source)
	at sun.reflect.DelegatingMethodAccessorImpl.invoke(DelegatingMethodAccessorImpl.java:43)
	at java.lang.reflect.Method.invoke(Method.java:606)
	at org.apache.ibatis.logging.jdbc.PreparedStatementLogger.invoke(PreparedStatementLogger.java:55)
	at com.sun.proxy.$Proxy224.execute(Unknown Source)
	at org.apache.ibatis.executor.statement.PreparedStatementHandler.query(PreparedStatementHandler.java:56)
	at org.apache.ibatis.executor.statement.RoutingStatementHandler.query(RoutingStatementHandler.java:70)
	at org.apache.ibatis.executor.SimpleExecutor.doQuery(SimpleExecutor.java:57)
	at org.apache.ibatis.executor.BaseExecutor.queryFromDatabase(BaseExecutor.java:259)
	at org.apache.ibatis.executor.BaseExecutor.query(BaseExecutor.java:132)
	at org.apache.ibatis.executor.CachingExecutor.query(CachingExecutor.java:105)
	at org.apache.ibatis.executor.CachingExecutor.query(CachingExecutor.java:81)
	at org.apache.ibatis.session.defaults.DefaultSqlSession.selectList(DefaultSqlSession.java:104)
	at org.apache.ibatis.session.defaults.DefaultSqlSession.selectList(DefaultSqlSession.java:98)
	at org.apache.ibatis.session.defaults.DefaultSqlSession.selectOne(DefaultSqlSession.java:62)
	at sun.reflect.GeneratedMethodAccessor62.invoke(Unknown Source)
	at sun.reflect.DelegatingMethodAccessorImpl.invoke(DelegatingMethodAccessorImpl.java:43)
	at java.lang.reflect.Method.invoke(Method.java:606)
	at org.mybatis.spring.SqlSessionTemplate$SqlSessionInterceptor.invoke(SqlSessionTemplate.java:358)
	at com.sun.proxy.$Proxy17.selectOne(Unknown Source)
	at org.mybatis.spring.SqlSessionTemplate.selectOne(SqlSessionTemplate.java:163)
	at org.apache.ibatis.binding.MapperMethod.execute(MapperMethod.java:63)
	at org.apache.ibatis.binding.MapperProxy.invoke(MapperProxy.java:43)
	at com.sun.proxy.$Proxy163.queryMessageRemindCountByType(Unknown Source)
	at com.tk.oms.notice.service.MessageCenterService.queryMessageRemindForCount(MessageCenterService.java:140)
	at com.tk.oms.notice.service.MessageCenterService$$FastClassBySpringCGLIB$$284d2be5.invoke(<generated>)
	at org.springframework.cglib.proxy.MethodProxy.invoke(MethodProxy.java:204)
	at org.springframework.aop.framework.CglibAopProxy$DynamicAdvisedInterceptor.intercept(CglibAopProxy.java:651)
	at com.tk.oms.notice.service.MessageCenterService$$EnhancerBySpringCGLIB$$94d52aeb.queryMessageRemindForCount(<generated>)
	at com.tk.oms.notice.control.MessageCenterControl.queryMessageRemindForCount(MessageCenterControl.java:50)
	at sun.reflect.GeneratedMethodAccessor74.invoke(Unknown Source)
	at sun.reflect.DelegatingMethodAccessorImpl.invoke(DelegatingMethodAccessorImpl.java:43)
	at java.lang.reflect.Method.invoke(Method.java:606)
	at org.springframework.web.method.support.InvocableHandlerMethod.doInvoke(InvocableHandlerMethod.java:222)
	at org.springframework.web.method.support.InvocableHandlerMethod.invokeForRequest(InvocableHandlerMethod.java:137)
	at org.springframework.web.servlet.mvc.method.annotation.ServletInvocableHandlerMethod.invokeAndHandle(ServletInvocableHandlerMethod.java:110)
	at org.springframework.web.servlet.mvc.method.annotation.RequestMappingHandlerAdapter.invokeHandlerMethod(RequestMappingHandlerAdapter.java:814)
	at org.springframework.web.servlet.mvc.method.annotation.RequestMappingHandlerAdapter.handleInternal(RequestMappingHandlerAdapter.java:737)
	at org.springframework.web.servlet.mvc.method.AbstractHandlerMethodAdapter.handle(AbstractHandlerMethodAdapter.java:85)
	at org.springframework.web.servlet.DispatcherServlet.doDispatch(DispatcherServlet.java:959)
	at org.springframework.web.servlet.DispatcherServlet.doService(DispatcherServlet.java:893)
	at org.springframework.web.servlet.FrameworkServlet.processRequest(FrameworkServlet.java:969)
	at org.springframework.web.servlet.FrameworkServlet.doPost(FrameworkServlet.java:871)
	at javax.servlet.http.HttpServlet.service(HttpServlet.java:646)
	at org.springframework.web.servlet.FrameworkServlet.service(FrameworkServlet.java:845)
	at javax.servlet.http.HttpServlet.service(HttpServlet.java:727)
	at org.apache.catalina.core.ApplicationFilterChain.internalDoFilter(ApplicationFilterChain.java:303)
	at org.apache.catalina.core.ApplicationFilterChain.doFilter(ApplicationFilterChain.java:208)
	at org.apache.tomcat.websocket.server.WsFilter.doFilter(WsFilter.java:52)
	at org.apache.catalina.core.ApplicationFilterChain.internalDoFilter(ApplicationFilterChain.java:241)
	at org.apache.catalina.core.ApplicationFilterChain.doFilter(ApplicationFilterChain.java:208)
	at com.tk.sys.filter.CharsetFilter.doFilter(CharsetFilter.java:41)
	at org.apache.catalina.core.ApplicationFilterChain.internalDoFilter(ApplicationFilterChain.java:241)
	at org.apache.catalina.core.ApplicationFilterChain.doFilter(ApplicationFilterChain.java:208)
	at org.apache.catalina.core.StandardWrapperValve.invoke(StandardWrapperValve.java:220)
	at org.apache.catalina.core.StandardContextValve.invoke(StandardContextValve.java:122)
	at org.apache.catalina.authenticator.AuthenticatorBase.invoke(AuthenticatorBase.java:504)
	at org.apache.catalina.core.StandardHostValve.invoke(StandardHostValve.java:170)
	at org.apache.catalina.valves.ErrorReportValve.invoke(ErrorReportValve.java:103)
	at org.apache.catalina.valves.AccessLogValve.invoke(AccessLogValve.java:950)
	at org.apache.catalina.core.StandardEngineValve.invoke(StandardEngineValve.java:116)
	at org.apache.catalina.connector.CoyoteAdapter.service(CoyoteAdapter.java:421)
	at org.apache.coyote.http11.AbstractHttp11Processor.process(AbstractHttp11Processor.java:1074)
	at org.apache.coyote.AbstractProtocol$AbstractConnectionHandler.process(AbstractProtocol.java:611)
	at org.apache.tomcat.util.net.AprEndpoint$SocketProcessor.doRun(AprEndpoint.java:2466)
	at org.apache.tomcat.util.net.AprEndpoint$SocketProcessor.run(AprEndpoint.java:2455)
	at java.util.concurrent.ThreadPoolExecutor.runWorker(ThreadPoolExecutor.java:1145)
	at java.util.concurrent.ThreadPoolExecutor$Worker.run(ThreadPoolExecutor.java:615)
	at org.apache.tomcat.util.threads.TaskThread$WrappingRunnable.run(TaskThread.java:61)
	at java.lang.Thread.run(Thread.java:745)
2019-08-09 14:35:27 ERROR [com.alibaba.druid.pool.DruidAbstractDataSource] oracle.jdbc.driver.OracleDriver is deprecated.
2019-08-09 14:35:29 ERROR [com.alibaba.druid.pool.DruidAbstractDataSource] oracle.jdbc.driver.OracleDriver is deprecated.
2019-08-09 14:35:30 ERROR [com.alibaba.druid.pool.DruidAbstractDataSource] oracle.jdbc.driver.OracleDriver is deprecated.
2019-08-09 14:35:31 ERROR [com.alibaba.druid.pool.DruidAbstractDataSource] oracle.jdbc.driver.OracleDriver is deprecated.
2019-08-09 15:05:12 ERROR [com.alibaba.druid.pool.DruidDataSource] discard connection
java.sql.SQLException: ORA-12155: TNS: 在 NSWMARKER 包中收到错误的数据类型

	at oracle.jdbc.driver.DatabaseError.throwSqlException(DatabaseError.java:112)
	at oracle.jdbc.driver.T4CTTIoer.processError(T4CTTIoer.java:331)
	at oracle.jdbc.driver.T4CTTIoer.processError(T4CTTIoer.java:288)
	at oracle.jdbc.driver.T4C8Oall.receive(T4C8Oall.java:743)
	at oracle.jdbc.driver.T4CPreparedStatement.doOall8(T4CPreparedStatement.java:213)
	at oracle.jdbc.driver.T4CPreparedStatement.executeForRows(T4CPreparedStatement.java:952)
	at oracle.jdbc.driver.OracleStatement.executeMaybeDescribe(OracleStatement.java:1054)
	at oracle.jdbc.driver.T4CPreparedStatement.executeMaybeDescribe(T4CPreparedStatement.java:836)
	at oracle.jdbc.driver.OracleStatement.doExecuteWithTimeout(OracleStatement.java:1116)
	at oracle.jdbc.driver.OraclePreparedStatement.executeInternal(OraclePreparedStatement.java:3285)
	at oracle.jdbc.driver.OraclePreparedStatement.execute(OraclePreparedStatement.java:3390)
	at com.alibaba.druid.filter.FilterChainImpl.preparedStatement_execute(FilterChainImpl.java:3051)
	at com.alibaba.druid.filter.FilterEventAdapter.preparedStatement_execute(FilterEventAdapter.java:440)
	at com.alibaba.druid.filter.FilterChainImpl.preparedStatement_execute(FilterChainImpl.java:3049)
	at com.alibaba.druid.proxy.jdbc.PreparedStatementProxyImpl.execute(PreparedStatementProxyImpl.java:167)
	at com.alibaba.druid.pool.DruidPooledPreparedStatement.execute(DruidPooledPreparedStatement.java:498)
	at sun.reflect.GeneratedMethodAccessor55.invoke(Unknown Source)
	at sun.reflect.DelegatingMethodAccessorImpl.invoke(DelegatingMethodAccessorImpl.java:43)
	at java.lang.reflect.Method.invoke(Method.java:606)
	at org.apache.ibatis.logging.jdbc.PreparedStatementLogger.invoke(PreparedStatementLogger.java:55)
	at com.sun.proxy.$Proxy224.execute(Unknown Source)
	at org.apache.ibatis.executor.statement.PreparedStatementHandler.query(PreparedStatementHandler.java:56)
	at org.apache.ibatis.executor.statement.RoutingStatementHandler.query(RoutingStatementHandler.java:70)
	at org.apache.ibatis.executor.SimpleExecutor.doQuery(SimpleExecutor.java:57)
	at org.apache.ibatis.executor.BaseExecutor.queryFromDatabase(BaseExecutor.java:259)
	at org.apache.ibatis.executor.BaseExecutor.query(BaseExecutor.java:132)
	at org.apache.ibatis.executor.CachingExecutor.query(CachingExecutor.java:105)
	at org.apache.ibatis.executor.CachingExecutor.query(CachingExecutor.java:81)
	at org.apache.ibatis.executor.keygen.SelectKeyGenerator.processGeneratedKeys(SelectKeyGenerator.java:62)
	at org.apache.ibatis.executor.keygen.SelectKeyGenerator.processBefore(SelectKeyGenerator.java:42)
	at org.apache.ibatis.executor.statement.BaseStatementHandler.generateKeys(BaseStatementHandler.java:127)
	at org.apache.ibatis.executor.statement.BaseStatementHandler.<init>(BaseStatementHandler.java:60)
	at org.apache.ibatis.executor.statement.PreparedStatementHandler.<init>(PreparedStatementHandler.java:36)
	at org.apache.ibatis.executor.statement.RoutingStatementHandler.<init>(RoutingStatementHandler.java:42)
	at org.apache.ibatis.session.Configuration.newStatementHandler(Configuration.java:464)
	at org.apache.ibatis.executor.SimpleExecutor.doUpdate(SimpleExecutor.java:43)
	at org.apache.ibatis.executor.BaseExecutor.update(BaseExecutor.java:100)
	at org.apache.ibatis.executor.CachingExecutor.update(CachingExecutor.java:75)
	at org.apache.ibatis.session.defaults.DefaultSqlSession.update(DefaultSqlSession.java:148)
	at org.apache.ibatis.session.defaults.DefaultSqlSession.insert(DefaultSqlSession.java:137)
	at sun.reflect.GeneratedMethodAccessor90.invoke(Unknown Source)
	at sun.reflect.DelegatingMethodAccessorImpl.invoke(DelegatingMethodAccessorImpl.java:43)
	at java.lang.reflect.Method.invoke(Method.java:606)
	at org.mybatis.spring.SqlSessionTemplate$SqlSessionInterceptor.invoke(SqlSessionTemplate.java:358)
	at com.sun.proxy.$Proxy17.insert(Unknown Source)
	at org.mybatis.spring.SqlSessionTemplate.insert(SqlSessionTemplate.java:240)
	at org.apache.ibatis.binding.MapperMethod.execute(MapperMethod.java:46)
	at org.apache.ibatis.binding.MapperProxy.invoke(MapperProxy.java:43)
	at com.sun.proxy.$Proxy195.addSysUserLogs(Unknown Source)
	at com.tk.oms.sysuser.service.SysUserLogsService.addSysUserLogs(SysUserLogsService.java:59)
	at com.tk.oms.sysuser.control.SysUserLogsControl.login(SysUserLogsControl.java:36)
	at sun.reflect.GeneratedMethodAccessor80.invoke(Unknown Source)
	at sun.reflect.DelegatingMethodAccessorImpl.invoke(DelegatingMethodAccessorImpl.java:43)
	at java.lang.reflect.Method.invoke(Method.java:606)
	at org.springframework.web.method.support.InvocableHandlerMethod.doInvoke(InvocableHandlerMethod.java:222)
	at org.springframework.web.method.support.InvocableHandlerMethod.invokeForRequest(InvocableHandlerMethod.java:137)
	at org.springframework.web.servlet.mvc.method.annotation.ServletInvocableHandlerMethod.invokeAndHandle(ServletInvocableHandlerMethod.java:110)
	at org.springframework.web.servlet.mvc.method.annotation.RequestMappingHandlerAdapter.invokeHandlerMethod(RequestMappingHandlerAdapter.java:814)
	at org.springframework.web.servlet.mvc.method.annotation.RequestMappingHandlerAdapter.handleInternal(RequestMappingHandlerAdapter.java:737)
	at org.springframework.web.servlet.mvc.method.AbstractHandlerMethodAdapter.handle(AbstractHandlerMethodAdapter.java:85)
	at org.springframework.web.servlet.DispatcherServlet.doDispatch(DispatcherServlet.java:959)
	at org.springframework.web.servlet.DispatcherServlet.doService(DispatcherServlet.java:893)
	at org.springframework.web.servlet.FrameworkServlet.processRequest(FrameworkServlet.java:969)
	at org.springframework.web.servlet.FrameworkServlet.doPost(FrameworkServlet.java:871)
	at javax.servlet.http.HttpServlet.service(HttpServlet.java:646)
	at org.springframework.web.servlet.FrameworkServlet.service(FrameworkServlet.java:845)
	at javax.servlet.http.HttpServlet.service(HttpServlet.java:727)
	at org.apache.catalina.core.ApplicationFilterChain.internalDoFilter(ApplicationFilterChain.java:303)
	at org.apache.catalina.core.ApplicationFilterChain.doFilter(ApplicationFilterChain.java:208)
	at org.apache.tomcat.websocket.server.WsFilter.doFilter(WsFilter.java:52)
	at org.apache.catalina.core.ApplicationFilterChain.internalDoFilter(ApplicationFilterChain.java:241)
	at org.apache.catalina.core.ApplicationFilterChain.doFilter(ApplicationFilterChain.java:208)
	at com.tk.sys.filter.CharsetFilter.doFilter(CharsetFilter.java:41)
	at org.apache.catalina.core.ApplicationFilterChain.internalDoFilter(ApplicationFilterChain.java:241)
	at org.apache.catalina.core.ApplicationFilterChain.doFilter(ApplicationFilterChain.java:208)
	at org.apache.catalina.core.StandardWrapperValve.invoke(StandardWrapperValve.java:220)
	at org.apache.catalina.core.StandardContextValve.invoke(StandardContextValve.java:122)
	at org.apache.catalina.authenticator.AuthenticatorBase.invoke(AuthenticatorBase.java:504)
	at org.apache.catalina.core.StandardHostValve.invoke(StandardHostValve.java:170)
	at org.apache.catalina.valves.ErrorReportValve.invoke(ErrorReportValve.java:103)
	at org.apache.catalina.valves.AccessLogValve.invoke(AccessLogValve.java:950)
	at org.apache.catalina.core.StandardEngineValve.invoke(StandardEngineValve.java:116)
	at org.apache.catalina.connector.CoyoteAdapter.service(CoyoteAdapter.java:421)
	at org.apache.coyote.http11.AbstractHttp11Processor.process(AbstractHttp11Processor.java:1074)
	at org.apache.coyote.AbstractProtocol$AbstractConnectionHandler.process(AbstractProtocol.java:611)
	at org.apache.tomcat.util.net.AprEndpoint$SocketProcessor.doRun(AprEndpoint.java:2466)
	at org.apache.tomcat.util.net.AprEndpoint$SocketProcessor.run(AprEndpoint.java:2455)
	at java.util.concurrent.ThreadPoolExecutor.runWorker(ThreadPoolExecutor.java:1145)
	at java.util.concurrent.ThreadPoolExecutor$Worker.run(ThreadPoolExecutor.java:615)
	at org.apache.tomcat.util.threads.TaskThread$WrappingRunnable.run(TaskThread.java:61)
	at java.lang.Thread.run(Thread.java:745)
2019-08-09 15:08:01 ERROR [com.alibaba.druid.pool.DruidAbstractDataSource] oracle.jdbc.driver.OracleDriver is deprecated.
2019-08-09 15:08:03 ERROR [com.alibaba.druid.pool.DruidAbstractDataSource] oracle.jdbc.driver.OracleDriver is deprecated.
2019-08-09 15:08:04 ERROR [com.alibaba.druid.pool.DruidAbstractDataSource] oracle.jdbc.driver.OracleDriver is deprecated.
2019-08-09 15:08:05 ERROR [com.alibaba.druid.pool.DruidAbstractDataSource] oracle.jdbc.driver.OracleDriver is deprecated.
2019-08-09 15:16:19 ERROR [com.alibaba.druid.pool.DruidAbstractDataSource] oracle.jdbc.driver.OracleDriver is deprecated.
2019-08-09 15:16:21 ERROR [com.alibaba.druid.pool.DruidAbstractDataSource] oracle.jdbc.driver.OracleDriver is deprecated.
2019-08-09 15:16:22 ERROR [com.alibaba.druid.pool.DruidAbstractDataSource] oracle.jdbc.driver.OracleDriver is deprecated.
2019-08-09 15:16:23 ERROR [com.alibaba.druid.pool.DruidAbstractDataSource] oracle.jdbc.driver.OracleDriver is deprecated.
2019-08-09 15:33:59 ERROR [com.alibaba.druid.pool.DruidAbstractDataSource] oracle.jdbc.driver.OracleDriver is deprecated.
2019-08-09 15:34:01 ERROR [com.alibaba.druid.pool.DruidAbstractDataSource] oracle.jdbc.driver.OracleDriver is deprecated.
2019-08-09 15:34:02 ERROR [com.alibaba.druid.pool.DruidAbstractDataSource] oracle.jdbc.driver.OracleDriver is deprecated.
2019-08-09 15:34:03 ERROR [com.alibaba.druid.pool.DruidAbstractDataSource] oracle.jdbc.driver.OracleDriver is deprecated.
2019-08-09 15:35:25 ERROR [com.alibaba.druid.pool.DruidAbstractDataSource] oracle.jdbc.driver.OracleDriver is deprecated.
2019-08-09 15:35:27 ERROR [com.alibaba.druid.pool.DruidAbstractDataSource] oracle.jdbc.driver.OracleDriver is deprecated.
2019-08-09 15:35:28 ERROR [com.alibaba.druid.pool.DruidAbstractDataSource] oracle.jdbc.driver.OracleDriver is deprecated.
2019-08-09 15:35:29 ERROR [com.alibaba.druid.pool.DruidAbstractDataSource] oracle.jdbc.driver.OracleDriver is deprecated.
2019-08-09 16:27:18 ERROR [com.alibaba.druid.pool.DruidAbstractDataSource] oracle.jdbc.driver.OracleDriver is deprecated.
2019-08-09 16:27:19 ERROR [com.alibaba.druid.pool.DruidAbstractDataSource] oracle.jdbc.driver.OracleDriver is deprecated.
2019-08-09 16:27:21 ERROR [com.alibaba.druid.pool.DruidAbstractDataSource] oracle.jdbc.driver.OracleDriver is deprecated.
2019-08-09 16:27:22 ERROR [com.alibaba.druid.pool.DruidAbstractDataSource] oracle.jdbc.driver.OracleDriver is deprecated.
