2019-12-06 09:38:36 ERROR [com.alibaba.druid.pool.DruidAbstractDataSource] oracle.jdbc.driver.OracleDriver is deprecated.
2019-12-06 09:38:37 ERROR [com.alibaba.druid.pool.DruidAbstractDataSource] oracle.jdbc.driver.OracleDriver is deprecated.
2019-12-06 09:38:38 ERROR [com.alibaba.druid.pool.DruidAbstractDataSource] oracle.jdbc.driver.OracleDriver is deprecated.
2019-12-06 09:38:40 ERROR [com.alibaba.druid.pool.DruidAbstractDataSource] oracle.jdbc.driver.OracleDriver is deprecated.
2019-12-06 09:38:52 ERROR [org.springframework.web.context.ContextLoader] Context initialization failed
org.springframework.beans.factory.BeanCreationException: Error creating bean with name 'StationedService': Injection of autowired dependencies failed; nested exception is org.springframework.beans.factory.BeanCreationException: Could not autowire field: private java.lang.String com.tk.oms.stationed.service.StationedService.scs_server_url; nested exception is java.lang.IllegalArgumentException: Could not resolve placeholder 'scs_server_url' in string value "${scs_server_url}"
	at org.springframework.beans.factory.annotation.AutowiredAnnotationBeanPostProcessor.postProcessPropertyValues(AutowiredAnnotationBeanPostProcessor.java:334)
	at org.springframework.beans.factory.support.AbstractAutowireCapableBeanFactory.populateBean(AbstractAutowireCapableBeanFactory.java:1214)
	at org.springframework.beans.factory.support.AbstractAutowireCapableBeanFactory.doCreateBean(AbstractAutowireCapableBeanFactory.java:543)
	at org.springframework.beans.factory.support.AbstractAutowireCapableBeanFactory.createBean(AbstractAutowireCapableBeanFactory.java:482)
	at org.springframework.beans.factory.support.AbstractBeanFactory$1.getObject(AbstractBeanFactory.java:306)
	at org.springframework.beans.factory.support.DefaultSingletonBeanRegistry.getSingleton(DefaultSingletonBeanRegistry.java:230)
	at org.springframework.beans.factory.support.AbstractBeanFactory.doGetBean(AbstractBeanFactory.java:302)
	at org.springframework.beans.factory.support.AbstractBeanFactory.getBean(AbstractBeanFactory.java:197)
	at org.springframework.beans.factory.support.DefaultListableBeanFactory.preInstantiateSingletons(DefaultListableBeanFactory.java:772)
	at org.springframework.context.support.AbstractApplicationContext.finishBeanFactoryInitialization(AbstractApplicationContext.java:839)
	at org.springframework.context.support.AbstractApplicationContext.refresh(AbstractApplicationContext.java:538)
	at org.springframework.web.context.ContextLoader.configureAndRefreshWebApplicationContext(ContextLoader.java:446)
	at org.springframework.web.context.ContextLoader.initWebApplicationContext(ContextLoader.java:328)
	at org.springframework.web.context.ContextLoaderListener.contextInitialized(ContextLoaderListener.java:107)
	at org.apache.catalina.core.StandardContext.listenerStart(StandardContext.java:5016)
	at org.apache.catalina.core.StandardContext.startInternal(StandardContext.java:5524)
	at org.apache.catalina.util.LifecycleBase.start(LifecycleBase.java:150)
	at org.apache.catalina.core.ContainerBase.addChildInternal(ContainerBase.java:901)
	at org.apache.catalina.core.ContainerBase.addChild(ContainerBase.java:877)
	at org.apache.catalina.core.StandardHost.addChild(StandardHost.java:649)
	at org.apache.catalina.startup.HostConfig.manageApp(HostConfig.java:1760)
	at sun.reflect.NativeMethodAccessorImpl.invoke0(Native Method)
	at sun.reflect.NativeMethodAccessorImpl.invoke(NativeMethodAccessorImpl.java:57)
	at sun.reflect.DelegatingMethodAccessorImpl.invoke(DelegatingMethodAccessorImpl.java:43)
	at java.lang.reflect.Method.invoke(Method.java:606)
	at org.apache.tomcat.util.modeler.BaseModelMBean.invoke(BaseModelMBean.java:301)
	at com.sun.jmx.interceptor.DefaultMBeanServerInterceptor.invoke(DefaultMBeanServerInterceptor.java:819)
	at com.sun.jmx.mbeanserver.JmxMBeanServer.invoke(JmxMBeanServer.java:801)
	at org.apache.catalina.mbeans.MBeanFactory.createStandardContext(MBeanFactory.java:618)
	at org.apache.catalina.mbeans.MBeanFactory.createStandardContext(MBeanFactory.java:565)
	at sun.reflect.NativeMethodAccessorImpl.invoke0(Native Method)
	at sun.reflect.NativeMethodAccessorImpl.invoke(NativeMethodAccessorImpl.java:57)
	at sun.reflect.DelegatingMethodAccessorImpl.invoke(DelegatingMethodAccessorImpl.java:43)
	at java.lang.reflect.Method.invoke(Method.java:606)
	at org.apache.tomcat.util.modeler.BaseModelMBean.invoke(BaseModelMBean.java:301)
	at com.sun.jmx.interceptor.DefaultMBeanServerInterceptor.invoke(DefaultMBeanServerInterceptor.java:819)
	at com.sun.jmx.mbeanserver.JmxMBeanServer.invoke(JmxMBeanServer.java:801)
	at com.sun.jmx.remote.security.MBeanServerAccessController.invoke(MBeanServerAccessController.java:468)
	at javax.management.remote.rmi.RMIConnectionImpl.doOperation(RMIConnectionImpl.java:1487)
	at javax.management.remote.rmi.RMIConnectionImpl.access$300(RMIConnectionImpl.java:97)
	at javax.management.remote.rmi.RMIConnectionImpl$PrivilegedOperation.run(RMIConnectionImpl.java:1328)
	at java.security.AccessController.doPrivileged(Native Method)
	at javax.management.remote.rmi.RMIConnectionImpl.doPrivilegedOperation(RMIConnectionImpl.java:1427)
	at javax.management.remote.rmi.RMIConnectionImpl.invoke(RMIConnectionImpl.java:848)
	at sun.reflect.NativeMethodAccessorImpl.invoke0(Native Method)
	at sun.reflect.NativeMethodAccessorImpl.invoke(NativeMethodAccessorImpl.java:57)
	at sun.reflect.DelegatingMethodAccessorImpl.invoke(DelegatingMethodAccessorImpl.java:43)
	at java.lang.reflect.Method.invoke(Method.java:606)
	at sun.rmi.server.UnicastServerRef.dispatch(UnicastServerRef.java:322)
	at sun.rmi.transport.Transport$1.run(Transport.java:177)
	at sun.rmi.transport.Transport$1.run(Transport.java:174)
	at java.security.AccessController.doPrivileged(Native Method)
	at sun.rmi.transport.Transport.serviceCall(Transport.java:173)
	at sun.rmi.transport.tcp.TCPTransport.handleMessages(TCPTransport.java:556)
	at sun.rmi.transport.tcp.TCPTransport$ConnectionHandler.run0(TCPTransport.java:811)
	at sun.rmi.transport.tcp.TCPTransport$ConnectionHandler.run(TCPTransport.java:670)
	at java.util.concurrent.ThreadPoolExecutor.runWorker(ThreadPoolExecutor.java:1145)
	at java.util.concurrent.ThreadPoolExecutor$Worker.run(ThreadPoolExecutor.java:615)
	at java.lang.Thread.run(Thread.java:745)
Caused by: org.springframework.beans.factory.BeanCreationException: Could not autowire field: private java.lang.String com.tk.oms.stationed.service.StationedService.scs_server_url; nested exception is java.lang.IllegalArgumentException: Could not resolve placeholder 'scs_server_url' in string value "${scs_server_url}"
	at org.springframework.beans.factory.annotation.AutowiredAnnotationBeanPostProcessor$AutowiredFieldElement.inject(AutowiredAnnotationBeanPostProcessor.java:573)
	at org.springframework.beans.factory.annotation.InjectionMetadata.inject(InjectionMetadata.java:88)
	at org.springframework.beans.factory.annotation.AutowiredAnnotationBeanPostProcessor.postProcessPropertyValues(AutowiredAnnotationBeanPostProcessor.java:331)
	... 58 more
Caused by: java.lang.IllegalArgumentException: Could not resolve placeholder 'scs_server_url' in string value "${scs_server_url}"
	at org.springframework.util.PropertyPlaceholderHelper.parseStringValue(PropertyPlaceholderHelper.java:174)
	at org.springframework.util.PropertyPlaceholderHelper.replacePlaceholders(PropertyPlaceholderHelper.java:126)
	at org.springframework.beans.factory.config.PropertyPlaceholderConfigurer$PlaceholderResolvingStringValueResolver.resolveStringValue(PropertyPlaceholderConfigurer.java:258)
	at org.springframework.beans.factory.support.AbstractBeanFactory.resolveEmbeddedValue(AbstractBeanFactory.java:808)
	at org.springframework.beans.factory.support.DefaultListableBeanFactory.doResolveDependency(DefaultListableBeanFactory.java:1027)
	at org.springframework.beans.factory.support.DefaultListableBeanFactory.resolveDependency(DefaultListableBeanFactory.java:1014)
	at org.springframework.beans.factory.annotation.AutowiredAnnotationBeanPostProcessor$AutowiredFieldElement.inject(AutowiredAnnotationBeanPostProcessor.java:545)
	... 60 more
2019-12-06 09:39:31 ERROR [com.alibaba.druid.pool.DruidAbstractDataSource] oracle.jdbc.driver.OracleDriver is deprecated.
2019-12-06 09:39:33 ERROR [com.alibaba.druid.pool.DruidAbstractDataSource] oracle.jdbc.driver.OracleDriver is deprecated.
2019-12-06 09:39:34 ERROR [com.alibaba.druid.pool.DruidAbstractDataSource] oracle.jdbc.driver.OracleDriver is deprecated.
2019-12-06 09:39:35 ERROR [com.alibaba.druid.pool.DruidAbstractDataSource] oracle.jdbc.driver.OracleDriver is deprecated.
2019-12-06 15:36:16 ERROR [com.alibaba.druid.pool.DruidAbstractDataSource] oracle.jdbc.driver.OracleDriver is deprecated.
2019-12-06 15:36:18 ERROR [com.alibaba.druid.pool.DruidAbstractDataSource] oracle.jdbc.driver.OracleDriver is deprecated.
2019-12-06 15:36:19 ERROR [com.alibaba.druid.pool.DruidAbstractDataSource] oracle.jdbc.driver.OracleDriver is deprecated.
2019-12-06 15:36:20 ERROR [com.alibaba.druid.pool.DruidAbstractDataSource] oracle.jdbc.driver.OracleDriver is deprecated.
2019-12-06 16:07:10 ERROR [com.tk.oms.finance.service.AdvanceOrderService] 查询失败：
### Error querying database.  Cause: java.sql.SQLException: ORA-00942: 表或视图不存在

### The error may exist in file [D:\Work\program\oms_server_1.7.4\out\artifacts\oms_server_1_7_4\WEB-INF\classes\com\tk\oms\finance\mapper\AdvanceOrderMapper.xml]
### The error may involve com.tk.oms.finance.dao.AdvanceOrderDao.queryAdvanceOrderList-Inline
### The error occurred while setting parameters
### SQL: select t.*,          case when t.pre_order_type =2 and exists(select 1 from  TKERP_NEW.TBL_PURCHASE_ORDER tpo where tpo.STATE in('2','3') and tpo.SPECIAL_BALANCE_STATE = '1' and tpo.ORDER_NUMBER_PLATFORM = t.order_number)                then 1 else 0 end as close_flag    from (    select a.*,rownum rn from(    select temp.order_number,           (select login_name from tbl_user_info where id = temp.user_id) login_name,           temp.user_manage_name,           to_char(temp.create_date,'yyyy-mm-dd hh24:mi:ss') create_date,           to_char(temp.payment_date,'yyyy-mm-dd hh24:mi:ss') payment_date,           nvl(temp.product_money,0) product_money,           nvl(temp.product_count,0) product_count,           nvl(temp.earnest_money,0) earnest_money,           temp.order_state,        temp.payment_state,           nvl(temp2.return_money,0) return_money,                 (select user_realname from tbl_sys_user_info where user_name = temp.ywjl_user_name) ywjl_user_realname,                 (select user_realname from tbl_sys_user_info where user_name = temp.ywy_user_name) ywy_user_realname,                 (select store_name from tbl_store_info where id = temp.md_id) store_name,                 NVL(temp.payment_use_money,0) payment_use_money,                 temp.warehouse_state,                 to_char(temp.warehouse_date,'yyyy-mm-dd hh24:mi:ss') warehouse_date,                 temp.warehouse_user_name,                 temp.warehouse_user_realname,                 temp.warehouse_id,        temp.pre_order_type,        temp.check_state,                 (select twi.name from tbl_warehouse_info twi where twi.id = (select twit.parent_id from tbl_warehouse_info twit where twit.id = temp.warehouse_id)) as warehouse_name,                 case when temp.pre_order_type=1 then ''                 else (select product_itemnumber from tbl_pre_order_detail tpod where tpod.order_number=temp.order_number and rownum = 1) end as custom_product_itemnumber,                 case when temp.pre_order_type=1 then '' else (select original_product_itemnumber from tbl_custom_product_rel tcpr       left join tbl_pre_order_detail tpod         on tcpr.custom_product_itemnumber=tpod.product_itemnumber        and tcpr.custom_user_id=tpod.USER_ID       where tpod.order_number=temp.order_number        and rownum=1) end as original_product_itemnumber      from tbl_pre_order_info temp,          (select order_number,return_money from tbl_pre_order_return where state = 2 and return_type = 2                     ) temp2      where temp.order_number = temp2.order_number(+)                                                                                                                                                                                                 order by temp.create_date desc            ) a where rownum <= ?         ) t where rn >?
### Cause: java.sql.SQLException: ORA-00942: 表或视图不存在

; bad SQL grammar []; nested exception is java.sql.SQLException: ORA-00942: 表或视图不存在

